Analysis & Synthesis report for LC3_CPU
Sun Oct 11 18:53:50 2015
Quartus II 64-Bit Version 13.0.1 Build 232 06/12/2013 Service Pack 1 SJ Web Edition


---------------------
; Table of Contents ;
---------------------
  1. Legal Notice
  2. Analysis & Synthesis Summary
  3. Analysis & Synthesis Settings
  4. Parallel Compilation
  5. Analysis & Synthesis Source Files Read
  6. Analysis & Synthesis Resource Usage Summary
  7. Analysis & Synthesis Resource Utilization by Entity
  8. Analysis & Synthesis RAM Summary
  9. General Register Statistics
 10. Multiplexer Restructuring Statistics (Restructuring Performed)
 11. Source assignments for MemoryController:mc|altsyncram:memory_rtl_0|altsyncram_qme1:auto_generated
 12. Source assignments for MemoryController:mc|altsyncram:memory_rtl_0|altsyncram_qme1:auto_generated|altsyncram_t9i1:altsyncram1
 13. Parameter Settings for User Entity Instance: Register:ir
 14. Parameter Settings for User Entity Instance: Register:pc
 15. Parameter Settings for User Entity Instance: RegFile:REG
 16. Parameter Settings for User Entity Instance: RegFile:REG|Register:create_regs[0].r
 17. Parameter Settings for User Entity Instance: RegFile:REG|Register:create_regs[1].r
 18. Parameter Settings for User Entity Instance: RegFile:REG|Register:create_regs[2].r
 19. Parameter Settings for User Entity Instance: RegFile:REG|Register:create_regs[3].r
 20. Parameter Settings for User Entity Instance: RegFile:REG|Register:create_regs[4].r
 21. Parameter Settings for User Entity Instance: RegFile:REG|Register:create_regs[5].r
 22. Parameter Settings for User Entity Instance: RegFile:REG|Register:create_regs[6].r
 23. Parameter Settings for User Entity Instance: RegFile:REG|Register:create_regs[7].r
 24. Parameter Settings for User Entity Instance: SEXT:s11
 25. Parameter Settings for User Entity Instance: SEXT:s9
 26. Parameter Settings for User Entity Instance: SEXT:s6
 27. Parameter Settings for User Entity Instance: Register:mar
 28. Parameter Settings for User Entity Instance: Register:mdr
 29. Parameter Settings for User Entity Instance: MemoryController:mc
 30. Parameter Settings for User Entity Instance: SEXT:s5
 31. Parameter Settings for User Entity Instance: ConditionCode:cc|Register:ccReg
 32. Parameter Settings for User Entity Instance: Microcontroller:control|Register:stateReg
 33. Parameter Settings for Inferred Entity Instance: MemoryController:mc|altsyncram:memory_rtl_0
 34. altsyncram Parameter Settings by Entity Instance
 35. Port Connectivity Checks: "Microcontroller:control|Register:stateReg"
 36. Elapsed Time Per Partition
 37. Analysis & Synthesis Messages
 38. Analysis & Synthesis Suppressed Messages



----------------
; Legal Notice ;
----------------
Copyright (C) 1991-2013 Altera Corporation
Your use of Altera Corporation's design tools, logic functions 
and other software and tools, and its AMPP partner logic 
functions, and any output files from any of the foregoing 
(including device programming or simulation files), and any 
associated documentation or information are expressly subject 
to the terms and conditions of the Altera Program License 
Subscription Agreement, Altera MegaCore Function License 
Agreement, or other applicable license agreement, including, 
without limitation, that your use is for the sole purpose of 
programming logic devices manufactured by Altera and sold by 
Altera or its authorized distributors.  Please refer to the 
applicable agreement for further details.



+--------------------------------------------------------------------------------------+
; Analysis & Synthesis Summary                                                         ;
+------------------------------------+-------------------------------------------------+
; Analysis & Synthesis Status        ; Successful - Sun Oct 11 18:53:50 2015           ;
; Quartus II 64-Bit Version          ; 13.0.1 Build 232 06/12/2013 SP 1 SJ Web Edition ;
; Revision Name                      ; LC3_CPU                                         ;
; Top-level Entity Name              ; LC3_CPU                                         ;
; Family                             ; Cyclone II                                      ;
; Total logic elements               ; 807                                             ;
;     Total combinational functions  ; 625                                             ;
;     Dedicated logic registers      ; 272                                             ;
; Total registers                    ; 272                                             ;
; Total pins                         ; 214                                             ;
; Total virtual pins                 ; 0                                               ;
; Total memory bits                  ; 4,096                                           ;
; Embedded Multiplier 9-bit elements ; 0                                               ;
; Total PLLs                         ; 0                                               ;
+------------------------------------+-------------------------------------------------+


+----------------------------------------------------------------------------------------------------------------------+
; Analysis & Synthesis Settings                                                                                        ;
+----------------------------------------------------------------------------+--------------------+--------------------+
; Option                                                                     ; Setting            ; Default Value      ;
+----------------------------------------------------------------------------+--------------------+--------------------+
; Device                                                                     ; EP2C20F484C7       ;                    ;
; Top-level entity name                                                      ; LC3_CPU            ; LC3_CPU            ;
; Family name                                                                ; Cyclone II         ; Cyclone IV GX      ;
; Use smart compilation                                                      ; Off                ; Off                ;
; Enable parallel Assembler and TimeQuest Timing Analyzer during compilation ; On                 ; On                 ;
; Enable compact report table                                                ; Off                ; Off                ;
; Restructure Multiplexers                                                   ; Auto               ; Auto               ;
; Create Debugging Nodes for IP Cores                                        ; Off                ; Off                ;
; Preserve fewer node names                                                  ; On                 ; On                 ;
; Disable OpenCore Plus hardware evaluation                                  ; Off                ; Off                ;
; Verilog Version                                                            ; Verilog_2001       ; Verilog_2001       ;
; VHDL Version                                                               ; VHDL_1993          ; VHDL_1993          ;
; State Machine Processing                                                   ; Auto               ; Auto               ;
; Safe State Machine                                                         ; Off                ; Off                ;
; Extract Verilog State Machines                                             ; On                 ; On                 ;
; Extract VHDL State Machines                                                ; On                 ; On                 ;
; Ignore Verilog initial constructs                                          ; Off                ; Off                ;
; Iteration limit for constant Verilog loops                                 ; 5000               ; 5000               ;
; Iteration limit for non-constant Verilog loops                             ; 250                ; 250                ;
; Add Pass-Through Logic to Inferred RAMs                                    ; On                 ; On                 ;
; Infer RAMs from Raw Logic                                                  ; On                 ; On                 ;
; Parallel Synthesis                                                         ; On                 ; On                 ;
; DSP Block Balancing                                                        ; Auto               ; Auto               ;
; NOT Gate Push-Back                                                         ; On                 ; On                 ;
; Power-Up Don't Care                                                        ; On                 ; On                 ;
; Remove Redundant Logic Cells                                               ; Off                ; Off                ;
; Remove Duplicate Registers                                                 ; On                 ; On                 ;
; Ignore CARRY Buffers                                                       ; Off                ; Off                ;
; Ignore CASCADE Buffers                                                     ; Off                ; Off                ;
; Ignore GLOBAL Buffers                                                      ; Off                ; Off                ;
; Ignore ROW GLOBAL Buffers                                                  ; Off                ; Off                ;
; Ignore LCELL Buffers                                                       ; Off                ; Off                ;
; Ignore SOFT Buffers                                                        ; On                 ; On                 ;
; Limit AHDL Integers to 32 Bits                                             ; Off                ; Off                ;
; Optimization Technique                                                     ; Balanced           ; Balanced           ;
; Carry Chain Length                                                         ; 70                 ; 70                 ;
; Auto Carry Chains                                                          ; On                 ; On                 ;
; Auto Open-Drain Pins                                                       ; On                 ; On                 ;
; Perform WYSIWYG Primitive Resynthesis                                      ; Off                ; Off                ;
; Auto ROM Replacement                                                       ; On                 ; On                 ;
; Auto RAM Replacement                                                       ; On                 ; On                 ;
; Auto Shift Register Replacement                                            ; Auto               ; Auto               ;
; Allow Shift Register Merging across Hierarchies                            ; Auto               ; Auto               ;
; Auto Clock Enable Replacement                                              ; On                 ; On                 ;
; Strict RAM Replacement                                                     ; Off                ; Off                ;
; Allow Synchronous Control Signals                                          ; On                 ; On                 ;
; Force Use of Synchronous Clear Signals                                     ; Off                ; Off                ;
; Auto RAM to Logic Cell Conversion                                          ; Off                ; Off                ;
; Auto Resource Sharing                                                      ; Off                ; Off                ;
; Allow Any RAM Size For Recognition                                         ; Off                ; Off                ;
; Allow Any ROM Size For Recognition                                         ; Off                ; Off                ;
; Allow Any Shift Register Size For Recognition                              ; Off                ; Off                ;
; Use LogicLock Constraints during Resource Balancing                        ; On                 ; On                 ;
; Ignore translate_off and synthesis_off directives                          ; Off                ; Off                ;
; Timing-Driven Synthesis                                                    ; Off                ; Off                ;
; Report Parameter Settings                                                  ; On                 ; On                 ;
; Report Source Assignments                                                  ; On                 ; On                 ;
; Report Connectivity Checks                                                 ; On                 ; On                 ;
; Ignore Maximum Fan-Out Assignments                                         ; Off                ; Off                ;
; Synchronization Register Chain Length                                      ; 2                  ; 2                  ;
; PowerPlay Power Optimization                                               ; Normal compilation ; Normal compilation ;
; HDL message level                                                          ; Level2             ; Level2             ;
; Suppress Register Optimization Related Messages                            ; Off                ; Off                ;
; Number of Removed Registers Reported in Synthesis Report                   ; 5000               ; 5000               ;
; Number of Swept Nodes Reported in Synthesis Report                         ; 5000               ; 5000               ;
; Number of Inverted Registers Reported in Synthesis Report                  ; 100                ; 100                ;
; Clock MUX Protection                                                       ; On                 ; On                 ;
; Auto Gated Clock Conversion                                                ; Off                ; Off                ;
; Block Design Naming                                                        ; Auto               ; Auto               ;
; SDC constraint protection                                                  ; Off                ; Off                ;
; Synthesis Effort                                                           ; Auto               ; Auto               ;
; Shift Register Replacement - Allow Asynchronous Clear Signal               ; On                 ; On                 ;
; Pre-Mapping Resynthesis Optimization                                       ; Off                ; Off                ;
; Analysis & Synthesis Message Level                                         ; Medium             ; Medium             ;
; Disable Register Merging Across Hierarchies                                ; Auto               ; Auto               ;
; Resource Aware Inference For Block RAM                                     ; On                 ; On                 ;
; Synthesis Seed                                                             ; 1                  ; 1                  ;
+----------------------------------------------------------------------------+--------------------+--------------------+


Parallel compilation was disabled, but you have multiple processors available. Enable parallel compilation to reduce compilation time.
+-------------------------------------+
; Parallel Compilation                ;
+----------------------------+--------+
; Processors                 ; Number ;
+----------------------------+--------+
; Number detected on machine ; 8      ;
; Maximum allowed            ; 1      ;
+----------------------------+--------+


+-----------------------------------------------------------------------------------------------------------------------------------------------------------------------------------------------+
; Analysis & Synthesis Source Files Read                                                                                                                                                        ;
+----------------------------------+-----------------+----------------------------------+---------------------------------------------------------------------------------------------+---------+
; File Name with User-Entered Path ; Used in Netlist ; File Type                        ; File Name with Absolute Path                                                                ; Library ;
+----------------------------------+-----------------+----------------------------------+---------------------------------------------------------------------------------------------+---------+
; LC3_CPU.v                        ; yes             ; User Verilog HDL File            ; E:/Roi Atalla/Documents/Programming/Verilog/LC3_CPU/LC3_CPU.v                               ;         ;
; MemoryController.v               ; yes             ; User Verilog HDL File            ; E:/Roi Atalla/Documents/Programming/Verilog/LC3_CPU/MemoryController.v                      ;         ;
; Register.v                       ; yes             ; User Verilog HDL File            ; E:/Roi Atalla/Documents/Programming/Verilog/LC3_CPU/Register.v                              ;         ;
; SEXT.v                           ; yes             ; User Verilog HDL File            ; E:/Roi Atalla/Documents/Programming/Verilog/LC3_CPU/SEXT.v                                  ;         ;
; RegFile.v                        ; yes             ; User Verilog HDL File            ; E:/Roi Atalla/Documents/Programming/Verilog/LC3_CPU/RegFile.v                               ;         ;
; ALU.v                            ; yes             ; User Verilog HDL File            ; E:/Roi Atalla/Documents/Programming/Verilog/LC3_CPU/ALU.v                                   ;         ;
; ConditionCode.v                  ; yes             ; User Verilog HDL File            ; E:/Roi Atalla/Documents/Programming/Verilog/LC3_CPU/ConditionCode.v                         ;         ;
; Microcontroller.v                ; yes             ; User Verilog HDL File            ; E:/Roi Atalla/Documents/Programming/Verilog/LC3_CPU/Microcontroller.v                       ;         ;
; RAM.mif                          ; yes             ; User Memory Initialization File  ; E:/Roi Atalla/Documents/Programming/Verilog/LC3_CPU/RAM.mif                                 ;         ;
; altsyncram.tdf                   ; yes             ; Megafunction                     ; c:/program files (x86)/altera/13.0sp1/quartus/libraries/megafunctions/altsyncram.tdf        ;         ;
; stratix_ram_block.inc            ; yes             ; Megafunction                     ; c:/program files (x86)/altera/13.0sp1/quartus/libraries/megafunctions/stratix_ram_block.inc ;         ;
; lpm_mux.inc                      ; yes             ; Megafunction                     ; c:/program files (x86)/altera/13.0sp1/quartus/libraries/megafunctions/lpm_mux.inc           ;         ;
; lpm_decode.inc                   ; yes             ; Megafunction                     ; c:/program files (x86)/altera/13.0sp1/quartus/libraries/megafunctions/lpm_decode.inc        ;         ;
; aglobal130.inc                   ; yes             ; Megafunction                     ; c:/program files (x86)/altera/13.0sp1/quartus/libraries/megafunctions/aglobal130.inc        ;         ;
; a_rdenreg.inc                    ; yes             ; Megafunction                     ; c:/program files (x86)/altera/13.0sp1/quartus/libraries/megafunctions/a_rdenreg.inc         ;         ;
; altrom.inc                       ; yes             ; Megafunction                     ; c:/program files (x86)/altera/13.0sp1/quartus/libraries/megafunctions/altrom.inc            ;         ;
; altram.inc                       ; yes             ; Megafunction                     ; c:/program files (x86)/altera/13.0sp1/quartus/libraries/megafunctions/altram.inc            ;         ;
; altdpram.inc                     ; yes             ; Megafunction                     ; c:/program files (x86)/altera/13.0sp1/quartus/libraries/megafunctions/altdpram.inc          ;         ;
; db/altsyncram_qme1.tdf           ; yes             ; Auto-Generated Megafunction      ; E:/Roi Atalla/Documents/Programming/Verilog/LC3_CPU/db/altsyncram_qme1.tdf                  ;         ;
; db/altsyncram_t9i1.tdf           ; yes             ; Auto-Generated Megafunction      ; E:/Roi Atalla/Documents/Programming/Verilog/LC3_CPU/db/altsyncram_t9i1.tdf                  ;         ;
+----------------------------------+-----------------+----------------------------------+---------------------------------------------------------------------------------------------+---------+


+-----------------------------------------------------+
; Analysis & Synthesis Resource Usage Summary         ;
+---------------------------------------------+-------+
; Resource                                    ; Usage ;
+---------------------------------------------+-------+
; Estimated Total logic elements              ; 807   ;
;                                             ;       ;
; Total combinational functions               ; 625   ;
; Logic element usage by number of LUT inputs ;       ;
;     -- 4 input functions                    ; 385   ;
;     -- 3 input functions                    ; 144   ;
;     -- <=2 input functions                  ; 96    ;
;                                             ;       ;
; Logic elements by mode                      ;       ;
;     -- normal mode                          ; 573   ;
;     -- arithmetic mode                      ; 52    ;
;                                             ;       ;
; Total registers                             ; 272   ;
;     -- Dedicated logic registers            ; 272   ;
;     -- I/O registers                        ; 0     ;
;                                             ;       ;
; I/O pins                                    ; 214   ;
; Total memory bits                           ; 4096  ;
; Embedded Multiplier 9-bit elements          ; 0     ;
; Maximum fan-out node                        ; CLOCK ;
; Maximum fan-out                             ; 218   ;
; Total fan-out                               ; 3531  ;
; Average fan-out                             ; 3.13  ;
+---------------------------------------------+-------+


+----------------------------------------------------------------------------------------------------------------------------------------------------------------------------------------------------------------------------------------------------------------------------------------+
; Analysis & Synthesis Resource Utilization by Entity                                                                                                                                                                                                                                    ;
+-------------------------------------------+-------------------+--------------+-------------+--------------+---------+-----------+------+--------------+-----------------------------------------------------------------------------------------------------------------+--------------+
; Compilation Hierarchy Node                ; LC Combinationals ; LC Registers ; Memory Bits ; DSP Elements ; DSP 9x9 ; DSP 18x18 ; Pins ; Virtual Pins ; Full Hierarchy Name                                                                                             ; Library Name ;
+-------------------------------------------+-------------------+--------------+-------------+--------------+---------+-----------+------+--------------+-----------------------------------------------------------------------------------------------------------------+--------------+
; |LC3_CPU                                  ; 625 (249)         ; 272 (9)      ; 4096        ; 0            ; 0       ; 0         ; 214  ; 0            ; |LC3_CPU                                                                                                        ; work         ;
;    |ALU:alu|                              ; 61 (61)           ; 0 (0)        ; 0           ; 0            ; 0       ; 0         ; 0    ; 0            ; |LC3_CPU|ALU:alu                                                                                                ; work         ;
;    |ConditionCode:cc|                     ; 14 (8)            ; 3 (0)        ; 0           ; 0            ; 0       ; 0         ; 0    ; 0            ; |LC3_CPU|ConditionCode:cc                                                                                       ; work         ;
;       |Register:ccReg|                    ; 6 (6)             ; 3 (3)        ; 0           ; 0            ; 0       ; 0         ; 0    ; 0            ; |LC3_CPU|ConditionCode:cc|Register:ccReg                                                                        ; work         ;
;    |MemoryController:mc|                  ; 30 (30)           ; 62 (62)      ; 4096        ; 0            ; 0       ; 0         ; 0    ; 0            ; |LC3_CPU|MemoryController:mc                                                                                    ; work         ;
;       |altsyncram:memory_rtl_0|           ; 0 (0)             ; 0 (0)        ; 4096        ; 0            ; 0       ; 0         ; 0    ; 0            ; |LC3_CPU|MemoryController:mc|altsyncram:memory_rtl_0                                                            ; work         ;
;          |altsyncram_qme1:auto_generated| ; 0 (0)             ; 0 (0)        ; 4096        ; 0            ; 0       ; 0         ; 0    ; 0            ; |LC3_CPU|MemoryController:mc|altsyncram:memory_rtl_0|altsyncram_qme1:auto_generated                             ; work         ;
;             |altsyncram_t9i1:altsyncram1| ; 0 (0)             ; 0 (0)        ; 4096        ; 0            ; 0       ; 0         ; 0    ; 0            ; |LC3_CPU|MemoryController:mc|altsyncram:memory_rtl_0|altsyncram_qme1:auto_generated|altsyncram_t9i1:altsyncram1 ; work         ;
;    |Microcontroller:control|              ; 99 (94)           ; 6 (0)        ; 0           ; 0            ; 0       ; 0         ; 0    ; 0            ; |LC3_CPU|Microcontroller:control                                                                                ; work         ;
;       |Register:stateReg|                 ; 5 (5)             ; 6 (6)        ; 0           ; 0            ; 0       ; 0         ; 0    ; 0            ; |LC3_CPU|Microcontroller:control|Register:stateReg                                                              ; work         ;
;    |RegFile:REG|                          ; 96 (88)           ; 128 (0)      ; 0           ; 0            ; 0       ; 0         ; 0    ; 0            ; |LC3_CPU|RegFile:REG                                                                                            ; work         ;
;       |Register:create_regs[0].r|         ; 1 (1)             ; 16 (16)      ; 0           ; 0            ; 0       ; 0         ; 0    ; 0            ; |LC3_CPU|RegFile:REG|Register:create_regs[0].r                                                                  ; work         ;
;       |Register:create_regs[1].r|         ; 1 (1)             ; 16 (16)      ; 0           ; 0            ; 0       ; 0         ; 0    ; 0            ; |LC3_CPU|RegFile:REG|Register:create_regs[1].r                                                                  ; work         ;
;       |Register:create_regs[2].r|         ; 1 (1)             ; 16 (16)      ; 0           ; 0            ; 0       ; 0         ; 0    ; 0            ; |LC3_CPU|RegFile:REG|Register:create_regs[2].r                                                                  ; work         ;
;       |Register:create_regs[3].r|         ; 1 (1)             ; 16 (16)      ; 0           ; 0            ; 0       ; 0         ; 0    ; 0            ; |LC3_CPU|RegFile:REG|Register:create_regs[3].r                                                                  ; work         ;
;       |Register:create_regs[4].r|         ; 1 (1)             ; 16 (16)      ; 0           ; 0            ; 0       ; 0         ; 0    ; 0            ; |LC3_CPU|RegFile:REG|Register:create_regs[4].r                                                                  ; work         ;
;       |Register:create_regs[5].r|         ; 1 (1)             ; 16 (16)      ; 0           ; 0            ; 0       ; 0         ; 0    ; 0            ; |LC3_CPU|RegFile:REG|Register:create_regs[5].r                                                                  ; work         ;
;       |Register:create_regs[6].r|         ; 1 (1)             ; 16 (16)      ; 0           ; 0            ; 0       ; 0         ; 0    ; 0            ; |LC3_CPU|RegFile:REG|Register:create_regs[6].r                                                                  ; work         ;
;       |Register:create_regs[7].r|         ; 1 (1)             ; 16 (16)      ; 0           ; 0            ; 0       ; 0         ; 0    ; 0            ; |LC3_CPU|RegFile:REG|Register:create_regs[7].r                                                                  ; work         ;
;    |Register:ir|                          ; 17 (17)           ; 16 (16)      ; 0           ; 0            ; 0       ; 0         ; 0    ; 0            ; |LC3_CPU|Register:ir                                                                                            ; work         ;
;    |Register:mar|                         ; 9 (9)             ; 16 (16)      ; 0           ; 0            ; 0       ; 0         ; 0    ; 0            ; |LC3_CPU|Register:mar                                                                                           ; work         ;
;    |Register:mdr|                         ; 16 (16)           ; 16 (16)      ; 0           ; 0            ; 0       ; 0         ; 0    ; 0            ; |LC3_CPU|Register:mdr                                                                                           ; work         ;
;    |Register:pc|                          ; 34 (34)           ; 16 (16)      ; 0           ; 0            ; 0       ; 0         ; 0    ; 0            ; |LC3_CPU|Register:pc                                                                                            ; work         ;
+-------------------------------------------+-------------------+--------------+-------------+--------------+---------+-----------+------+--------------+-----------------------------------------------------------------------------------------------------------------+--------------+
Note: For table entries with two numbers listed, the numbers in parentheses indicate the number of resources of the given type used by the specific entity alone. The numbers listed outside of parentheses indicate the total resources of the given type used by the specific entity and all of its sub-entities in the hierarchy.


+------------------------------------------------------------------------------------------------------------------------------------------------------------------------------------------------------------------------+
; Analysis & Synthesis RAM Summary                                                                                                                                                                                       ;
+-------------------------------------------------------------------------------------------------------------------+------+----------------+--------------+--------------+--------------+--------------+------+---------+
; Name                                                                                                              ; Type ; Mode           ; Port A Depth ; Port A Width ; Port B Depth ; Port B Width ; Size ; MIF     ;
+-------------------------------------------------------------------------------------------------------------------+------+----------------+--------------+--------------+--------------+--------------+------+---------+
; MemoryController:mc|altsyncram:memory_rtl_0|altsyncram_qme1:auto_generated|altsyncram_t9i1:altsyncram1|ALTSYNCRAM ; AUTO ; True Dual Port ; 256          ; 16           ; 256          ; 16           ; 4096 ; RAM.mif ;
+-------------------------------------------------------------------------------------------------------------------+------+----------------+--------------+--------------+--------------+--------------+------+---------+


+------------------------------------------------------+
; General Register Statistics                          ;
+----------------------------------------------+-------+
; Statistic                                    ; Value ;
+----------------------------------------------+-------+
; Total registers                              ; 272   ;
; Number of registers using Synchronous Clear  ; 35    ;
; Number of registers using Synchronous Load   ; 20    ;
; Number of registers using Asynchronous Clear ; 0     ;
; Number of registers using Asynchronous Load  ; 0     ;
; Number of registers using Clock Enable       ; 216   ;
; Number of registers using Preset             ; 0     ;
+----------------------------------------------+-------+


+-------------------------------------------------------------------------------------------------------------------------------------------------------------------------+
; Multiplexer Restructuring Statistics (Restructuring Performed)                                                                                                          ;
+--------------------+-----------+---------------+----------------------+------------------------+------------+-----------------------------------------------------------+
; Multiplexer Inputs ; Bus Width ; Baseline Area ; Area if Restructured ; Saving if Restructured ; Registered ; Example Multiplexer Output                                ;
+--------------------+-----------+---------------+----------------------+------------------------+------------+-----------------------------------------------------------+
; 3:1                ; 16 bits   ; 32 LEs        ; 16 LEs               ; 16 LEs                 ; Yes        ; |LC3_CPU|Register:ir|out[7]                               ;
; 3:1                ; 16 bits   ; 32 LEs        ; 16 LEs               ; 16 LEs                 ; Yes        ; |LC3_CPU|RegFile:REG|Register:create_regs[0].r|out[4]     ;
; 3:1                ; 16 bits   ; 32 LEs        ; 16 LEs               ; 16 LEs                 ; Yes        ; |LC3_CPU|RegFile:REG|Register:create_regs[1].r|out[6]     ;
; 3:1                ; 16 bits   ; 32 LEs        ; 16 LEs               ; 16 LEs                 ; Yes        ; |LC3_CPU|RegFile:REG|Register:create_regs[2].r|out[10]    ;
; 3:1                ; 16 bits   ; 32 LEs        ; 16 LEs               ; 16 LEs                 ; Yes        ; |LC3_CPU|RegFile:REG|Register:create_regs[3].r|out[2]     ;
; 3:1                ; 16 bits   ; 32 LEs        ; 16 LEs               ; 16 LEs                 ; Yes        ; |LC3_CPU|RegFile:REG|Register:create_regs[4].r|out[3]     ;
; 3:1                ; 16 bits   ; 32 LEs        ; 16 LEs               ; 16 LEs                 ; Yes        ; |LC3_CPU|RegFile:REG|Register:create_regs[5].r|out[4]     ;
; 3:1                ; 16 bits   ; 32 LEs        ; 16 LEs               ; 16 LEs                 ; Yes        ; |LC3_CPU|RegFile:REG|Register:create_regs[6].r|out[4]     ;
; 3:1                ; 16 bits   ; 32 LEs        ; 16 LEs               ; 16 LEs                 ; Yes        ; |LC3_CPU|RegFile:REG|Register:create_regs[7].r|out[9]     ;
; 3:1                ; 8 bits    ; 16 LEs        ; 8 LEs                ; 8 LEs                  ; Yes        ; |LC3_CPU|Register:mar|out[14]                             ;
; 5:1                ; 4 bits    ; 12 LEs        ; 8 LEs                ; 4 LEs                  ; Yes        ; |LC3_CPU|Microcontroller:control|Register:stateReg|out[1] ;
; 4:1                ; 2 bits    ; 4 LEs         ; 2 LEs                ; 2 LEs                  ; Yes        ; |LC3_CPU|ConditionCode:cc|Register:ccReg|out[1]           ;
; 3:1                ; 4 bits    ; 8 LEs         ; 8 LEs                ; 0 LEs                  ; Yes        ; |LC3_CPU|MemoryController:mc|data_out[3]                  ;
; 4:1                ; 16 bits   ; 32 LEs        ; 32 LEs               ; 0 LEs                  ; Yes        ; |LC3_CPU|Register:mdr|out[14]                             ;
; 5:1                ; 16 bits   ; 48 LEs        ; 48 LEs               ; 0 LEs                  ; Yes        ; |LC3_CPU|Register:pc|out[10]                              ;
; 3:1                ; 8 bits    ; 16 LEs        ; 16 LEs               ; 0 LEs                  ; No         ; |LC3_CPU|Register:mar|out                                 ;
; 3:1                ; 2 bits    ; 4 LEs         ; 4 LEs                ; 0 LEs                  ; No         ; |LC3_CPU|ADDR2MUX[15]                                     ;
; 4:1                ; 16 bits   ; 32 LEs        ; 32 LEs               ; 0 LEs                  ; No         ; |LC3_CPU|ALU:alu|out[10]                                  ;
; 8:1                ; 16 bits   ; 80 LEs        ; 80 LEs               ; 0 LEs                  ; No         ; |LC3_CPU|RegFile:REG|Mux0                                 ;
; 9:1                ; 16 bits   ; 96 LEs        ; 96 LEs               ; 0 LEs                  ; No         ; |LC3_CPU|SR2MUX[10]                                       ;
+--------------------+-----------+---------------+----------------------+------------------------+------------+-----------------------------------------------------------+


+---------------------------------------------------------------------------------------------------+
; Source assignments for MemoryController:mc|altsyncram:memory_rtl_0|altsyncram_qme1:auto_generated ;
+---------------------------------+--------------------+------+-------------------------------------+
; Assignment                      ; Value              ; From ; To                                  ;
+---------------------------------+--------------------+------+-------------------------------------+
; OPTIMIZE_POWER_DURING_SYNTHESIS ; NORMAL_COMPILATION ; -    ; -                                   ;
+---------------------------------+--------------------+------+-------------------------------------+


+-------------------------------------------------------------------------------------------------------------------------------+
; Source assignments for MemoryController:mc|altsyncram:memory_rtl_0|altsyncram_qme1:auto_generated|altsyncram_t9i1:altsyncram1 ;
+---------------------------------+--------------------+------+-----------------------------------------------------------------+
; Assignment                      ; Value              ; From ; To                                                              ;
+---------------------------------+--------------------+------+-----------------------------------------------------------------+
; OPTIMIZE_POWER_DURING_SYNTHESIS ; NORMAL_COMPILATION ; -    ; -                                                               ;
+---------------------------------+--------------------+------+-----------------------------------------------------------------+


+----------------------------------------------------------+
; Parameter Settings for User Entity Instance: Register:ir ;
+----------------+-------+---------------------------------+
; Parameter Name ; Value ; Type                            ;
+----------------+-------+---------------------------------+
; BIT_SIZE       ; 16    ; Signed Integer                  ;
+----------------+-------+---------------------------------+
Note: In order to hide this table in the UI and the text report file, please set the "Show Parameter Settings in Synthesis Report" option in "Analysis and Synthesis Settings -> More Settings" to "Off".


+----------------------------------------------------------+
; Parameter Settings for User Entity Instance: Register:pc ;
+----------------+-------+---------------------------------+
; Parameter Name ; Value ; Type                            ;
+----------------+-------+---------------------------------+
; BIT_SIZE       ; 16    ; Signed Integer                  ;
+----------------+-------+---------------------------------+
Note: In order to hide this table in the UI and the text report file, please set the "Show Parameter Settings in Synthesis Report" option in "Analysis and Synthesis Settings -> More Settings" to "Off".


+----------------------------------------------------------+
; Parameter Settings for User Entity Instance: RegFile:REG ;
+----------------+-------+---------------------------------+
; Parameter Name ; Value ; Type                            ;
+----------------+-------+---------------------------------+
; SEL_BITS       ; 3     ; Signed Integer                  ;
; BIT_SIZE       ; 16    ; Signed Integer                  ;
; TOTAL_REGS     ; 8     ; Signed Integer                  ;
+----------------+-------+---------------------------------+
Note: In order to hide this table in the UI and the text report file, please set the "Show Parameter Settings in Synthesis Report" option in "Analysis and Synthesis Settings -> More Settings" to "Off".


+------------------------------------------------------------------------------------+
; Parameter Settings for User Entity Instance: RegFile:REG|Register:create_regs[0].r ;
+----------------+-------+-----------------------------------------------------------+
; Parameter Name ; Value ; Type                                                      ;
+----------------+-------+-----------------------------------------------------------+
; BIT_SIZE       ; 16    ; Signed Integer                                            ;
+----------------+-------+-----------------------------------------------------------+
Note: In order to hide this table in the UI and the text report file, please set the "Show Parameter Settings in Synthesis Report" option in "Analysis and Synthesis Settings -> More Settings" to "Off".


+------------------------------------------------------------------------------------+
; Parameter Settings for User Entity Instance: RegFile:REG|Register:create_regs[1].r ;
+----------------+-------+-----------------------------------------------------------+
; Parameter Name ; Value ; Type                                                      ;
+----------------+-------+-----------------------------------------------------------+
; BIT_SIZE       ; 16    ; Signed Integer                                            ;
+----------------+-------+-----------------------------------------------------------+
Note: In order to hide this table in the UI and the text report file, please set the "Show Parameter Settings in Synthesis Report" option in "Analysis and Synthesis Settings -> More Settings" to "Off".


+------------------------------------------------------------------------------------+
; Parameter Settings for User Entity Instance: RegFile:REG|Register:create_regs[2].r ;
+----------------+-------+-----------------------------------------------------------+
; Parameter Name ; Value ; Type                                                      ;
+----------------+-------+-----------------------------------------------------------+
; BIT_SIZE       ; 16    ; Signed Integer                                            ;
+----------------+-------+-----------------------------------------------------------+
Note: In order to hide this table in the UI and the text report file, please set the "Show Parameter Settings in Synthesis Report" option in "Analysis and Synthesis Settings -> More Settings" to "Off".


+------------------------------------------------------------------------------------+
; Parameter Settings for User Entity Instance: RegFile:REG|Register:create_regs[3].r ;
+----------------+-------+-----------------------------------------------------------+
; Parameter Name ; Value ; Type                                                      ;
+----------------+-------+-----------------------------------------------------------+
; BIT_SIZE       ; 16    ; Signed Integer                                            ;
+----------------+-------+-----------------------------------------------------------+
Note: In order to hide this table in the UI and the text report file, please set the "Show Parameter Settings in Synthesis Report" option in "Analysis and Synthesis Settings -> More Settings" to "Off".


+------------------------------------------------------------------------------------+
; Parameter Settings for User Entity Instance: RegFile:REG|Register:create_regs[4].r ;
+----------------+-------+-----------------------------------------------------------+
; Parameter Name ; Value ; Type                                                      ;
+----------------+-------+-----------------------------------------------------------+
; BIT_SIZE       ; 16    ; Signed Integer                                            ;
+----------------+-------+-----------------------------------------------------------+
Note: In order to hide this table in the UI and the text report file, please set the "Show Parameter Settings in Synthesis Report" option in "Analysis and Synthesis Settings -> More Settings" to "Off".


+------------------------------------------------------------------------------------+
; Parameter Settings for User Entity Instance: RegFile:REG|Register:create_regs[5].r ;
+----------------+-------+-----------------------------------------------------------+
; Parameter Name ; Value ; Type                                                      ;
+----------------+-------+-----------------------------------------------------------+
; BIT_SIZE       ; 16    ; Signed Integer                                            ;
+----------------+-------+-----------------------------------------------------------+
Note: In order to hide this table in the UI and the text report file, please set the "Show Parameter Settings in Synthesis Report" option in "Analysis and Synthesis Settings -> More Settings" to "Off".


+------------------------------------------------------------------------------------+
; Parameter Settings for User Entity Instance: RegFile:REG|Register:create_regs[6].r ;
+----------------+-------+-----------------------------------------------------------+
; Parameter Name ; Value ; Type                                                      ;
+----------------+-------+-----------------------------------------------------------+
; BIT_SIZE       ; 16    ; Signed Integer                                            ;
+----------------+-------+-----------------------------------------------------------+
Note: In order to hide this table in the UI and the text report file, please set the "Show Parameter Settings in Synthesis Report" option in "Analysis and Synthesis Settings -> More Settings" to "Off".


+------------------------------------------------------------------------------------+
; Parameter Settings for User Entity Instance: RegFile:REG|Register:create_regs[7].r ;
+----------------+-------+-----------------------------------------------------------+
; Parameter Name ; Value ; Type                                                      ;
+----------------+-------+-----------------------------------------------------------+
; BIT_SIZE       ; 16    ; Signed Integer                                            ;
+----------------+-------+-----------------------------------------------------------+
Note: In order to hide this table in the UI and the text report file, please set the "Show Parameter Settings in Synthesis Report" option in "Analysis and Synthesis Settings -> More Settings" to "Off".


+-------------------------------------------------------+
; Parameter Settings for User Entity Instance: SEXT:s11 ;
+----------------+-------+------------------------------+
; Parameter Name ; Value ; Type                         ;
+----------------+-------+------------------------------+
; BIT_SIZE_IN    ; 11    ; Signed Integer               ;
; BIT_SIZE_OUT   ; 16    ; Signed Integer               ;
+----------------+-------+------------------------------+
Note: In order to hide this table in the UI and the text report file, please set the "Show Parameter Settings in Synthesis Report" option in "Analysis and Synthesis Settings -> More Settings" to "Off".


+------------------------------------------------------+
; Parameter Settings for User Entity Instance: SEXT:s9 ;
+----------------+-------+-----------------------------+
; Parameter Name ; Value ; Type                        ;
+----------------+-------+-----------------------------+
; BIT_SIZE_IN    ; 9     ; Signed Integer              ;
; BIT_SIZE_OUT   ; 16    ; Signed Integer              ;
+----------------+-------+-----------------------------+
Note: In order to hide this table in the UI and the text report file, please set the "Show Parameter Settings in Synthesis Report" option in "Analysis and Synthesis Settings -> More Settings" to "Off".


+------------------------------------------------------+
; Parameter Settings for User Entity Instance: SEXT:s6 ;
+----------------+-------+-----------------------------+
; Parameter Name ; Value ; Type                        ;
+----------------+-------+-----------------------------+
; BIT_SIZE_IN    ; 6     ; Signed Integer              ;
; BIT_SIZE_OUT   ; 16    ; Signed Integer              ;
+----------------+-------+-----------------------------+
Note: In order to hide this table in the UI and the text report file, please set the "Show Parameter Settings in Synthesis Report" option in "Analysis and Synthesis Settings -> More Settings" to "Off".


+-----------------------------------------------------------+
; Parameter Settings for User Entity Instance: Register:mar ;
+----------------+-------+----------------------------------+
; Parameter Name ; Value ; Type                             ;
+----------------+-------+----------------------------------+
; BIT_SIZE       ; 16    ; Signed Integer                   ;
+----------------+-------+----------------------------------+
Note: In order to hide this table in the UI and the text report file, please set the "Show Parameter Settings in Synthesis Report" option in "Analysis and Synthesis Settings -> More Settings" to "Off".


+-----------------------------------------------------------+
; Parameter Settings for User Entity Instance: Register:mdr ;
+----------------+-------+----------------------------------+
; Parameter Name ; Value ; Type                             ;
+----------------+-------+----------------------------------+
; BIT_SIZE       ; 16    ; Signed Integer                   ;
+----------------+-------+----------------------------------+
Note: In order to hide this table in the UI and the text report file, please set the "Show Parameter Settings in Synthesis Report" option in "Analysis and Synthesis Settings -> More Settings" to "Off".


+------------------------------------------------------------------+
; Parameter Settings for User Entity Instance: MemoryController:mc ;
+-----------------+-------+----------------------------------------+
; Parameter Name  ; Value ; Type                                   ;
+-----------------+-------+----------------------------------------+
; ADDRESS_BITS    ; 8     ; Signed Integer                         ;
; MEMORY_BITS     ; 16    ; Signed Integer                         ;
; TOTAL_ADDRESSES ; 256   ; Signed Integer                         ;
+-----------------+-------+----------------------------------------+
Note: In order to hide this table in the UI and the text report file, please set the "Show Parameter Settings in Synthesis Report" option in "Analysis and Synthesis Settings -> More Settings" to "Off".


+------------------------------------------------------+
; Parameter Settings for User Entity Instance: SEXT:s5 ;
+----------------+-------+-----------------------------+
; Parameter Name ; Value ; Type                        ;
+----------------+-------+-----------------------------+
; BIT_SIZE_IN    ; 5     ; Signed Integer              ;
; BIT_SIZE_OUT   ; 16    ; Signed Integer              ;
+----------------+-------+-----------------------------+
Note: In order to hide this table in the UI and the text report file, please set the "Show Parameter Settings in Synthesis Report" option in "Analysis and Synthesis Settings -> More Settings" to "Off".


+------------------------------------------------------------------------------+
; Parameter Settings for User Entity Instance: ConditionCode:cc|Register:ccReg ;
+----------------+-------+-----------------------------------------------------+
; Parameter Name ; Value ; Type                                                ;
+----------------+-------+-----------------------------------------------------+
; BIT_SIZE       ; 3     ; Signed Integer                                      ;
+----------------+-------+-----------------------------------------------------+
Note: In order to hide this table in the UI and the text report file, please set the "Show Parameter Settings in Synthesis Report" option in "Analysis and Synthesis Settings -> More Settings" to "Off".


+----------------------------------------------------------------------------------------+
; Parameter Settings for User Entity Instance: Microcontroller:control|Register:stateReg ;
+----------------+-------+---------------------------------------------------------------+
; Parameter Name ; Value ; Type                                                          ;
+----------------+-------+---------------------------------------------------------------+
; BIT_SIZE       ; 6     ; Signed Integer                                                ;
+----------------+-------+---------------------------------------------------------------+
Note: In order to hide this table in the UI and the text report file, please set the "Show Parameter Settings in Synthesis Report" option in "Analysis and Synthesis Settings -> More Settings" to "Off".


+----------------------------------------------------------------------------------------------+
; Parameter Settings for Inferred Entity Instance: MemoryController:mc|altsyncram:memory_rtl_0 ;
+------------------------------------+----------------------+----------------------------------+
; Parameter Name                     ; Value                ; Type                             ;
+------------------------------------+----------------------+----------------------------------+
; BYTE_SIZE_BLOCK                    ; 8                    ; Untyped                          ;
; AUTO_CARRY_CHAINS                  ; ON                   ; AUTO_CARRY                       ;
; IGNORE_CARRY_BUFFERS               ; OFF                  ; IGNORE_CARRY                     ;
; AUTO_CASCADE_CHAINS                ; ON                   ; AUTO_CASCADE                     ;
; IGNORE_CASCADE_BUFFERS             ; OFF                  ; IGNORE_CASCADE                   ;
; WIDTH_BYTEENA                      ; 1                    ; Untyped                          ;
; OPERATION_MODE                     ; DUAL_PORT            ; Untyped                          ;
; WIDTH_A                            ; 16                   ; Untyped                          ;
; WIDTHAD_A                          ; 8                    ; Untyped                          ;
; NUMWORDS_A                         ; 256                  ; Untyped                          ;
; OUTDATA_REG_A                      ; UNREGISTERED         ; Untyped                          ;
; ADDRESS_ACLR_A                     ; NONE                 ; Untyped                          ;
; OUTDATA_ACLR_A                     ; NONE                 ; Untyped                          ;
; WRCONTROL_ACLR_A                   ; NONE                 ; Untyped                          ;
; INDATA_ACLR_A                      ; NONE                 ; Untyped                          ;
; BYTEENA_ACLR_A                     ; NONE                 ; Untyped                          ;
; WIDTH_B                            ; 16                   ; Untyped                          ;
; WIDTHAD_B                          ; 8                    ; Untyped                          ;
; NUMWORDS_B                         ; 256                  ; Untyped                          ;
; INDATA_REG_B                       ; CLOCK1               ; Untyped                          ;
; WRCONTROL_WRADDRESS_REG_B          ; CLOCK1               ; Untyped                          ;
; RDCONTROL_REG_B                    ; CLOCK1               ; Untyped                          ;
; ADDRESS_REG_B                      ; CLOCK1               ; Untyped                          ;
; OUTDATA_REG_B                      ; UNREGISTERED         ; Untyped                          ;
; BYTEENA_REG_B                      ; CLOCK1               ; Untyped                          ;
; INDATA_ACLR_B                      ; NONE                 ; Untyped                          ;
; WRCONTROL_ACLR_B                   ; NONE                 ; Untyped                          ;
; ADDRESS_ACLR_B                     ; NONE                 ; Untyped                          ;
; OUTDATA_ACLR_B                     ; NONE                 ; Untyped                          ;
; RDCONTROL_ACLR_B                   ; NONE                 ; Untyped                          ;
; BYTEENA_ACLR_B                     ; NONE                 ; Untyped                          ;
; WIDTH_BYTEENA_A                    ; 1                    ; Untyped                          ;
; WIDTH_BYTEENA_B                    ; 1                    ; Untyped                          ;
; RAM_BLOCK_TYPE                     ; AUTO                 ; Untyped                          ;
; BYTE_SIZE                          ; 8                    ; Untyped                          ;
; READ_DURING_WRITE_MODE_MIXED_PORTS ; DONT_CARE            ; Untyped                          ;
; READ_DURING_WRITE_MODE_PORT_A      ; NEW_DATA_NO_NBE_READ ; Untyped                          ;
; READ_DURING_WRITE_MODE_PORT_B      ; NEW_DATA_NO_NBE_READ ; Untyped                          ;
; INIT_FILE                          ; RAM.mif              ; Untyped                          ;
; INIT_FILE_LAYOUT                   ; PORT_A               ; Untyped                          ;
; MAXIMUM_DEPTH                      ; 0                    ; Untyped                          ;
; CLOCK_ENABLE_INPUT_A               ; NORMAL               ; Untyped                          ;
; CLOCK_ENABLE_INPUT_B               ; NORMAL               ; Untyped                          ;
; CLOCK_ENABLE_OUTPUT_A              ; NORMAL               ; Untyped                          ;
; CLOCK_ENABLE_OUTPUT_B              ; NORMAL               ; Untyped                          ;
; CLOCK_ENABLE_CORE_A                ; USE_INPUT_CLKEN      ; Untyped                          ;
; CLOCK_ENABLE_CORE_B                ; USE_INPUT_CLKEN      ; Untyped                          ;
; ENABLE_ECC                         ; FALSE                ; Untyped                          ;
; ECC_PIPELINE_STAGE_ENABLED         ; FALSE                ; Untyped                          ;
; WIDTH_ECCSTATUS                    ; 3                    ; Untyped                          ;
; DEVICE_FAMILY                      ; Cyclone II           ; Untyped                          ;
; CBXI_PARAMETER                     ; altsyncram_qme1      ; Untyped                          ;
+------------------------------------+----------------------+----------------------------------+
Note: In order to hide this table in the UI and the text report file, please set the "Show Parameter Settings in Synthesis Report" option in "Analysis and Synthesis Settings -> More Settings" to "Off".


+-----------------------------------------------------------------------------------------+
; altsyncram Parameter Settings by Entity Instance                                        ;
+-------------------------------------------+---------------------------------------------+
; Name                                      ; Value                                       ;
+-------------------------------------------+---------------------------------------------+
; Number of entity instances                ; 1                                           ;
; Entity Instance                           ; MemoryController:mc|altsyncram:memory_rtl_0 ;
;     -- OPERATION_MODE                     ; DUAL_PORT                                   ;
;     -- WIDTH_A                            ; 16                                          ;
;     -- NUMWORDS_A                         ; 256                                         ;
;     -- OUTDATA_REG_A                      ; UNREGISTERED                                ;
;     -- WIDTH_B                            ; 16                                          ;
;     -- NUMWORDS_B                         ; 256                                         ;
;     -- ADDRESS_REG_B                      ; CLOCK1                                      ;
;     -- OUTDATA_REG_B                      ; UNREGISTERED                                ;
;     -- RAM_BLOCK_TYPE                     ; AUTO                                        ;
;     -- READ_DURING_WRITE_MODE_MIXED_PORTS ; DONT_CARE                                   ;
+-------------------------------------------+---------------------------------------------+


+-----------------------------------------------------------------------+
; Port Connectivity Checks: "Microcontroller:control|Register:stateReg" ;
+------+-------+----------+---------------------------------------------+
; Port ; Type  ; Severity ; Details                                     ;
+------+-------+----------+---------------------------------------------+
; we   ; Input ; Info     ; Stuck at VCC                                ;
+------+-------+----------+---------------------------------------------+


+-------------------------------+
; Elapsed Time Per Partition    ;
+----------------+--------------+
; Partition Name ; Elapsed Time ;
+----------------+--------------+
; Top            ; 00:00:01     ;
+----------------+--------------+


+-------------------------------+
; Analysis & Synthesis Messages ;
+-------------------------------+
Info: *******************************************************************
Info: Running Quartus II 64-Bit Analysis & Synthesis
    Info: Version 13.0.1 Build 232 06/12/2013 Service Pack 1 SJ Web Edition
    Info: Processing started: Sun Oct 11 18:53:46 2015
Info: Command: quartus_map --read_settings_files=on --write_settings_files=off LC3_CPU -c LC3_CPU
Warning (20028): Parallel compilation is not licensed and has been disabled
Info (12021): Found 1 design units, including 1 entities, in source file lc3_cpu.v
    Info (12023): Found entity 1: LC3_CPU
Info (12021): Found 1 design units, including 1 entities, in source file memorycontroller.v
    Info (12023): Found entity 1: MemoryController
Info (12021): Found 1 design units, including 1 entities, in source file nibbletohex.v
    Info (12023): Found entity 1: NibbleToHex
Info (12021): Found 1 design units, including 1 entities, in source file register.v
    Info (12023): Found entity 1: Register
Info (12021): Found 1 design units, including 1 entities, in source file sext.v
    Info (12023): Found entity 1: SEXT
Info (12021): Found 1 design units, including 1 entities, in source file regfile.v
    Info (12023): Found entity 1: RegFile
Info (12021): Found 1 design units, including 1 entities, in source file alu.v
    Info (12023): Found entity 1: ALU
Info (12021): Found 1 design units, including 1 entities, in source file conditioncode.v
    Info (12023): Found entity 1: ConditionCode
Info (12021): Found 1 design units, including 1 entities, in source file microcontroller.v
    Info (12023): Found entity 1: Microcontroller
Info (12021): Found 1 design units, including 1 entities, in source file lc3_cpu_test.v
    Info (12023): Found entity 1: LC3_CPU_Test
Info (12127): Elaborating entity "LC3_CPU" for the top level hierarchy
Warning (10230): Verilog HDL assignment warning at LC3_CPU.v(34): truncated value with size 32 to match size of target (8)
Warning (10230): Verilog HDL assignment warning at LC3_CPU.v(119): truncated value with size 32 to match size of target (16)
Info (12128): Elaborating entity "Register" for hierarchy "Register:ir"
Info (12128): Elaborating entity "RegFile" for hierarchy "RegFile:REG"
Info (12128): Elaborating entity "SEXT" for hierarchy "SEXT:s11"
Info (12128): Elaborating entity "SEXT" for hierarchy "SEXT:s9"
Info (12128): Elaborating entity "SEXT" for hierarchy "SEXT:s6"
Info (12128): Elaborating entity "MemoryController" for hierarchy "MemoryController:mc"
Info (12128): Elaborating entity "SEXT" for hierarchy "SEXT:s5"
Info (12128): Elaborating entity "ALU" for hierarchy "ALU:alu"
Info (12128): Elaborating entity "ConditionCode" for hierarchy "ConditionCode:cc"
Info (12128): Elaborating entity "Register" for hierarchy "ConditionCode:cc|Register:ccReg"
Info (12128): Elaborating entity "Microcontroller" for hierarchy "Microcontroller:control"
Warning (10235): Verilog HDL Always Construct warning at Microcontroller.v(44): variable "opTest" is read inside the Always Construct but isn't in the Always Construct's Event Control
Warning (10235): Verilog HDL Always Construct warning at Microcontroller.v(44): variable "chkCC" is read inside the Always Construct but isn't in the Always Construct's Event Control
Warning (10235): Verilog HDL Always Construct warning at Microcontroller.v(45): variable "nextSignalState" is read inside the Always Construct but isn't in the Always Construct's Event Control
Warning (10235): Verilog HDL Always Construct warning at Microcontroller.v(46): variable "nextCCState" is read inside the Always Construct but isn't in the Always Construct's Event Control
Warning (10235): Verilog HDL Always Construct warning at Microcontroller.v(47): variable "nextOPState" is read inside the Always Construct but isn't in the Always Construct's Event Control
Info (12128): Elaborating entity "Register" for hierarchy "Microcontroller:control|Register:stateReg"
Warning (276027): Inferred dual-clock RAM node "MemoryController:mc|memory_rtl_0" from synchronous design logic.  The read-during-write behavior of a dual-clock RAM is undefined and may not match the behavior of the original design.
Warning (19016): Clock multiplexers are found and protected
    Warning (19017): Found clock multiplexer Microcontroller:control|WideOr24~synth
Info (19000): Inferred 1 megafunctions from design logic
    Info (276029): Inferred altsyncram megafunction from the following design logic: "MemoryController:mc|memory_rtl_0" 
        Info (286033): Parameter OPERATION_MODE set to DUAL_PORT
        Info (286033): Parameter WIDTH_A set to 16
        Info (286033): Parameter WIDTHAD_A set to 8
        Info (286033): Parameter NUMWORDS_A set to 256
        Info (286033): Parameter WIDTH_B set to 16
        Info (286033): Parameter WIDTHAD_B set to 8
        Info (286033): Parameter NUMWORDS_B set to 256
        Info (286033): Parameter ADDRESS_ACLR_A set to NONE
        Info (286033): Parameter OUTDATA_REG_B set to UNREGISTERED
        Info (286033): Parameter ADDRESS_ACLR_B set to NONE
        Info (286033): Parameter OUTDATA_ACLR_B set to NONE
        Info (286033): Parameter ADDRESS_REG_B set to CLOCK1
        Info (286033): Parameter INDATA_ACLR_A set to NONE
        Info (286033): Parameter WRCONTROL_ACLR_A set to NONE
        Info (286033): Parameter INIT_FILE set to RAM.mif
Info (12130): Elaborated megafunction instantiation "MemoryController:mc|altsyncram:memory_rtl_0"
Info (12133): Instantiated megafunction "MemoryController:mc|altsyncram:memory_rtl_0" with the following parameter:
    Info (12134): Parameter "OPERATION_MODE" = "DUAL_PORT"
    Info (12134): Parameter "WIDTH_A" = "16"
    Info (12134): Parameter "WIDTHAD_A" = "8"
    Info (12134): Parameter "NUMWORDS_A" = "256"
    Info (12134): Parameter "WIDTH_B" = "16"
    Info (12134): Parameter "WIDTHAD_B" = "8"
    Info (12134): Parameter "NUMWORDS_B" = "256"
    Info (12134): Parameter "ADDRESS_ACLR_A" = "NONE"
    Info (12134): Parameter "OUTDATA_REG_B" = "UNREGISTERED"
    Info (12134): Parameter "ADDRESS_ACLR_B" = "NONE"
    Info (12134): Parameter "OUTDATA_ACLR_B" = "NONE"
    Info (12134): Parameter "ADDRESS_REG_B" = "CLOCK1"
    Info (12134): Parameter "INDATA_ACLR_A" = "NONE"
    Info (12134): Parameter "WRCONTROL_ACLR_A" = "NONE"
    Info (12134): Parameter "INIT_FILE" = "RAM.mif"
Info (12021): Found 1 design units, including 1 entities, in source file db/altsyncram_qme1.tdf
    Info (12023): Found entity 1: altsyncram_qme1
Info (12021): Found 1 design units, including 1 entities, in source file db/altsyncram_t9i1.tdf
    Info (12023): Found entity 1: altsyncram_t9i1
Warning (13046): Tri-state node(s) do not directly drive top-level pin(s)
    Warning (13047): Converted the fan-out from the tri-state buffer "BUS[0]" to the node "ConditionCode:cc|WideOr0" into an OR gate
    Warning (13047): Converted the fan-out from the tri-state buffer "BUS[1]" to the node "ConditionCode:cc|WideOr0" into an OR gate
    Warning (13047): Converted the fan-out from the tri-state buffer "BUS[2]" to the node "ConditionCode:cc|WideOr0" into an OR gate
    Warning (13047): Converted the fan-out from the tri-state buffer "BUS[3]" to the node "ConditionCode:cc|WideOr0" into an OR gate
    Warning (13047): Converted the fan-out from the tri-state buffer "BUS[4]" to the node "ConditionCode:cc|WideOr0" into an OR gate
    Warning (13047): Converted the fan-out from the tri-state buffer "BUS[5]" to the node "ConditionCode:cc|WideOr0" into an OR gate
    Warning (13047): Converted the fan-out from the tri-state buffer "BUS[6]" to the node "ConditionCode:cc|WideOr0" into an OR gate
    Warning (13047): Converted the fan-out from the tri-state buffer "BUS[7]" to the node "ConditionCode:cc|WideOr0" into an OR gate
    Warning (13047): Converted the fan-out from the tri-state buffer "BUS[8]" to the node "ConditionCode:cc|WideOr0" into an OR gate
    Warning (13047): Converted the fan-out from the tri-state buffer "BUS[9]" to the node "ConditionCode:cc|WideOr0" into an OR gate
    Warning (13047): Converted the fan-out from the tri-state buffer "BUS[10]" to the node "ConditionCode:cc|WideOr0" into an OR gate
    Warning (13047): Converted the fan-out from the tri-state buffer "BUS[11]" to the node "ConditionCode:cc|WideOr0" into an OR gate
    Warning (13047): Converted the fan-out from the tri-state buffer "BUS[12]" to the node "ConditionCode:cc|WideOr0" into an OR gate
    Warning (13047): Converted the fan-out from the tri-state buffer "BUS[13]" to the node "ConditionCode:cc|WideOr0" into an OR gate
    Warning (13047): Converted the fan-out from the tri-state buffer "BUS[14]" to the node "ConditionCode:cc|WideOr0" into an OR gate
    Warning (13047): Converted the fan-out from the tri-state buffer "BUS[15]" to the node "ConditionCode:cc|WideOr0" into an OR gate
Info (144001): Generated suppressed messages file E:/Roi Atalla/Documents/Programming/Verilog/LC3_CPU/output_files/LC3_CPU.map.smsg
Info (16010): Generating hard_block partition "hard_block:auto_generated_inst"
    Info (16011): Adding 0 node(s), including 0 DDIO, 0 PLL, 0 transceiver and 0 LCELL
Info (21057): Implemented 1066 device resources after synthesis - the final resource count might be different
    Info (21058): Implemented 15 input pins
    Info (21059): Implemented 199 output pins
    Info (21061): Implemented 836 logic cells
    Info (21064): Implemented 16 RAM segments
Info: Quartus II 64-Bit Analysis & Synthesis was successful. 0 errors, 28 warnings
    Info: Peak virtual memory: 492 megabytes
    Info: Processing ended: Sun Oct 11 18:53:50 2015
    Info: Elapsed time: 00:00:04
    Info: Total CPU time (on all processors): 00:00:03


+------------------------------------------+
; Analysis & Synthesis Suppressed Messages ;
+------------------------------------------+
The suppressed messages can be found in E:/Roi Atalla/Documents/Programming/Verilog/LC3_CPU/output_files/LC3_CPU.map.smsg.


